<?xml version="1.0" encoding="UTF-8"?>
<!-- Generated by org.testng.reporters.JUnitXMLReporter -->
<testsuite hostname="LAPTOP-CNP79HUB" name="Default test" tests="3" failures="0" timestamp="1 Jul 2020 00:59:09 GMT" time="18.254" errors="0">
  <testcase name="VerifyResendActivationLinkTest" time="0.165" classname="com.qa.nc.tests.LoanPageTest"/>
  <testcase name="verrifyLoginPageTitleTest" time="0.017" classname="com.qa.nc.tests.LoanPageTest"/>
  <testcase name="loginTest" time="4.013" classname="com.qa.nc.tests.LoanPageTest"/>
</testsuite> <!-- Default test -->
