<?xml version="1.0" encoding="UTF-8"?>
<!-- Generated by org.testng.reporters.JUnitXMLReporter -->
<testsuite hostname="LAPTOP-CNP79HUB" name="Login Page Test" tests="3" failures="0" timestamp="1 Jul 2020 01:52:18 GMT" time="12.499" errors="0">
  <testcase name="VerifyResendActivationLinkTest" time="0.075" classname="com.qa.nc.tests.LoanPageTest"/>
  <testcase name="verrifyLoginPageTitleTest" time="0.009" classname="com.qa.nc.tests.LoanPageTest"/>
  <testcase name="loginTest" time="2.781" classname="com.qa.nc.tests.LoanPageTest"/>
</testsuite> <!-- Login Page Test -->
